[{"line":1,"elements":[{"start_timestamp":"2021-09-17T07:56:37.667Z","line":2,"name":"Failure while executing Cucumber","description":"","id":"failure;failure-while-executing-cucumber","type":"scenario","keyword":"Scenario","steps":[{"result":{"duration":0,"status":"passed"},"line":3,"name":"Cucumber failed while executing","match":{"arguments":[],"location":"io.cucumber.core.Failure.failure_while_executing_cucumber()"},"keyword":"When "},{"result":{"duration":0,"error_message":"io.cucumber.core.exception.CompositeCucumberException: There were 2 exceptions. The details are in the stacktrace below.\r\n\tat io.cucumber.core.runtime.RethrowingThrowableCollector.getThrowable(RethrowingThrowableCollector.java:57)\r\n\tat io.cucumber.core.runtime.CucumberExecutionContext.getThrowable(CucumberExecutionContext.java:81)\r\n\tat io.cucumber.core.runtime.CucumberExecutionContext.finishTestRun(CucumberExecutionContext.java:76)\r\n\tat io.cucumber.junit.Cucumber$FinishTestRun.evaluate(Cucumber.java:250)\r\n\tat org.junit.runners.ParentRunner.run(ParentRunner.java:363)\r\n\tat org.junit.runner.JUnitCore.run(JUnitCore.java:137)\r\n\tat com.intellij.junit4.JUnit4IdeaTestRunner.startRunnerWithArgs(JUnit4IdeaTestRunner.java:69)\r\n\tat com.intellij.rt.junit.IdeaTestRunner$Repeater.startRunnerWithArgs(IdeaTestRunner.java:33)\r\n\tat com.intellij.rt.junit.JUnitStarter.prepareStreamsAndStart(JUnitStarter.java:235)\r\n\tat com.intellij.rt.junit.JUnitStarter.main(JUnitStarter.java:54)\r\n\tSuppressed: io.cucumber.java.InvalidMethodSignatureException: A method annotated with Before, After, BeforeStep or AfterStep must have one of these signatures:\n * public void before_or_after(io.cucumber.java.Scenario scenario)\n * public void before_or_after()\nat CucumberTests.ParkingTestCucumber.refillFile(boolean)\n\n\r\n\t\tat io.cucumber.java.InvalidMethodSignatureException$InvalidMethodSignatureExceptionBuilder.build(InvalidMethodSignatureException.java:52)\r\n\t\tat io.cucumber.java.JavaHookDefinition.createInvalidSignatureException(JavaHookDefinition.java:52)\r\n\t\tat io.cucumber.java.JavaHookDefinition.requireValidMethod(JavaHookDefinition.java:33)\r\n\t\tat io.cucumber.java.JavaHookDefinition.<init>(JavaHookDefinition.java:19)\r\n\t\tat io.cucumber.java.GlueAdaptor.addDefinition(GlueAdaptor.java:27)\r\n\t\tat io.cucumber.java.JavaBackend.lambda$loadGlue$1(JavaBackend.java:42)\r\n\t\tat io.cucumber.java.MethodScanner.scan(MethodScanner.java:67)\r\n\t\tat io.cucumber.java.MethodScanner.scan(MethodScanner.java:58)\r\n\t\tat io.cucumber.java.MethodScanner.scan(MethodScanner.java:33)\r\n\t\tat io.cucumber.java.JavaBackend.lambda$loadGlue$2(JavaBackend.java:40)\r\n\t\tat java.util.stream.ForEachOps$ForEachOp$OfRef.accept(ForEachOps.java:184)\r\n\t\tat java.util.ArrayList$ArrayListSpliterator.forEachRemaining(ArrayList.java:1384)\r\n\t\tat java.util.stream.ReferencePipeline$Head.forEach(ReferencePipeline.java:580)\r\n\t\tat java.util.stream.ReferencePipeline$7$1.accept(ReferencePipeline.java:270)\r\n\t\tat java.util.stream.ReferencePipeline$3$1.accept(ReferencePipeline.java:193)\r\n\t\tat java.util.stream.ReferencePipeline$3$1.accept(ReferencePipeline.java:193)\r\n\t\tat java.util.stream.ReferencePipeline$2$1.accept(ReferencePipeline.java:175)\r\n\t\tat java.util.ArrayList$ArrayListSpliterator.forEachRemaining(ArrayList.java:1384)\r\n\t\tat java.util.stream.AbstractPipeline.copyInto(AbstractPipeline.java:482)\r\n\t\tat java.util.stream.AbstractPipeline.wrapAndCopyInto(AbstractPipeline.java:472)\r\n\t\tat java.util.stream.ForEachOps$ForEachOp.evaluateSequential(ForEachOps.java:151)\r\n\t\tat java.util.stream.ForEachOps$ForEachOp$OfRef.evaluateSequential(ForEachOps.java:174)\r\n\t\tat java.util.stream.AbstractPipeline.evaluate(AbstractPipeline.java:234)\r\n\t\tat java.util.stream.ReferencePipeline.forEach(ReferencePipeline.java:418)\r\n\t\tat io.cucumber.java.JavaBackend.loadGlue(JavaBackend.java:40)\r\n\t\tat io.cucumber.core.runner.Runner.<init>(Runner.java:56)\r\n\t\tat io.cucumber.core.runtime.ThreadLocalRunnerSupplier.createRunner(ThreadLocalRunnerSupplier.java:47)\r\n\t\tat java.lang.ThreadLocal$SuppliedThreadLocal.initialValue(ThreadLocal.java:284)\r\n\t\tat java.lang.ThreadLocal.setInitialValue(ThreadLocal.java:180)\r\n\t\tat java.lang.ThreadLocal.get(ThreadLocal.java:170)\r\n\t\tat io.cucumber.core.runtime.ThreadLocalRunnerSupplier.get(ThreadLocalRunnerSupplier.java:40)\r\n\t\tat io.cucumber.core.runtime.RethrowingThrowableCollector.executeAndThrow(RethrowingThrowableCollector.java:35)\r\n\t\tat io.cucumber.core.runtime.CucumberExecutionContext.getRunner(CucumberExecutionContext.java:114)\r\n\t\tat io.cucumber.core.runtime.CucumberExecutionContext.runBeforeAllHooks(CucumberExecutionContext.java:65)\r\n\t\tat io.cucumber.junit.Cucumber$RunBeforeAllHooks.evaluate(Cucumber.java:265)\r\n\t\tat io.cucumber.junit.Cucumber$RunAfterAllHooks.evaluate(Cucumber.java:281)\r\n\t\tat io.cucumber.junit.Cucumber$StartTestRun.evaluate(Cucumber.java:233)\r\n\t\tat io.cucumber.junit.Cucumber$FinishTestRun.evaluate(Cucumber.java:248)\r\n\t\t... 6 more\r\n\tSuppressed: io.cucumber.java.InvalidMethodSignatureException: A method annotated with Before, After, BeforeStep or AfterStep must have one of these signatures:\n * public void before_or_after(io.cucumber.java.Scenario scenario)\n * public void before_or_after()\nat CucumberTests.ParkingTestCucumber.refillFile(boolean)\n\n\r\n\t\tat io.cucumber.java.InvalidMethodSignatureException$InvalidMethodSignatureExceptionBuilder.build(InvalidMethodSignatureException.java:52)\r\n\t\tat io.cucumber.java.JavaHookDefinition.createInvalidSignatureException(JavaHookDefinition.java:52)\r\n\t\tat io.cucumber.java.JavaHookDefinition.requireValidMethod(JavaHookDefinition.java:33)\r\n\t\tat io.cucumber.java.JavaHookDefinition.<init>(JavaHookDefinition.java:19)\r\n\t\tat io.cucumber.java.GlueAdaptor.addDefinition(GlueAdaptor.java:27)\r\n\t\tat io.cucumber.java.JavaBackend.lambda$loadGlue$1(JavaBackend.java:42)\r\n\t\tat io.cucumber.java.MethodScanner.scan(MethodScanner.java:67)\r\n\t\tat io.cucumber.java.MethodScanner.scan(MethodScanner.java:58)\r\n\t\tat io.cucumber.java.MethodScanner.scan(MethodScanner.java:33)\r\n\t\tat io.cucumber.java.JavaBackend.lambda$loadGlue$2(JavaBackend.java:40)\r\n\t\tat java.util.stream.ForEachOps$ForEachOp$OfRef.accept(ForEachOps.java:184)\r\n\t\tat java.util.ArrayList$ArrayListSpliterator.forEachRemaining(ArrayList.java:1384)\r\n\t\tat java.util.stream.ReferencePipeline$Head.forEach(ReferencePipeline.java:580)\r\n\t\tat java.util.stream.ReferencePipeline$7$1.accept(ReferencePipeline.java:270)\r\n\t\tat java.util.stream.ReferencePipeline$3$1.accept(ReferencePipeline.java:193)\r\n\t\tat java.util.stream.ReferencePipeline$3$1.accept(ReferencePipeline.java:193)\r\n\t\tat java.util.stream.ReferencePipeline$2$1.accept(ReferencePipeline.java:175)\r\n\t\tat java.util.ArrayList$ArrayListSpliterator.forEachRemaining(ArrayList.java:1384)\r\n\t\tat java.util.stream.AbstractPipeline.copyInto(AbstractPipeline.java:482)\r\n\t\tat java.util.stream.AbstractPipeline.wrapAndCopyInto(AbstractPipeline.java:472)\r\n\t\tat java.util.stream.ForEachOps$ForEachOp.evaluateSequential(ForEachOps.java:151)\r\n\t\tat java.util.stream.ForEachOps$ForEachOp$OfRef.evaluateSequential(ForEachOps.java:174)\r\n\t\tat java.util.stream.AbstractPipeline.evaluate(AbstractPipeline.java:234)\r\n\t\tat java.util.stream.ReferencePipeline.forEach(ReferencePipeline.java:418)\r\n\t\tat io.cucumber.java.JavaBackend.loadGlue(JavaBackend.java:40)\r\n\t\tat io.cucumber.core.runner.Runner.<init>(Runner.java:56)\r\n\t\tat io.cucumber.core.runtime.ThreadLocalRunnerSupplier.createRunner(ThreadLocalRunnerSupplier.java:47)\r\n\t\tat java.lang.ThreadLocal$SuppliedThreadLocal.initialValue(ThreadLocal.java:284)\r\n\t\tat java.lang.ThreadLocal.setInitialValue(ThreadLocal.java:180)\r\n\t\tat java.lang.ThreadLocal.get(ThreadLocal.java:170)\r\n\t\tat io.cucumber.core.runtime.ThreadLocalRunnerSupplier.get(ThreadLocalRunnerSupplier.java:40)\r\n\t\tat io.cucumber.core.runtime.RethrowingThrowableCollector.executeAndThrow(RethrowingThrowableCollector.java:35)\r\n\t\tat io.cucumber.core.runtime.CucumberExecutionContext.getRunner(CucumberExecutionContext.java:114)\r\n\t\tat io.cucumber.core.runtime.CucumberExecutionContext.runAfterAllHooks(CucumberExecutionContext.java:70)\r\n\t\tat io.cucumber.junit.Cucumber$RunAfterAllHooks.evaluate(Cucumber.java:283)\r\n\t\tat io.cucumber.junit.Cucumber$StartTestRun.evaluate(Cucumber.java:233)\r\n\t\tat io.cucumber.junit.Cucumber$FinishTestRun.evaluate(Cucumber.java:248)\r\n\t\t... 6 more\r\n","status":"failed"},"line":4,"name":"Cucumber will report this error:","match":{"arguments":[],"location":"io.cucumber.core.Failure.cucumber_reports_this_error()"},"keyword":"Then "}]}],"name":"Test run failed","description":"There were errors during the execution","id":"failure","keyword":"Feature","uri":"classpath:io/cucumber/core/failure.feature","tags":[]}]